2021-01-25 === [main] === INFO  === com.hxscpro.HxscproApplication ==== Starting HxscproApplication using Java 1.8.0_131 on LAPTOP-NSG6CTNE with PID 14108 (D:\CODE\HXSC\hxsc\target\classes started by HX in D:\CODE\HXSC\hxsc)
2021-01-25 === [main] === DEBUG === com.hxscpro.HxscproApplication ==== Running with Spring Boot v2.4.1, Spring v5.3.2
2021-01-25 === [main] === INFO  === com.hxscpro.HxscproApplication ==== No active profile set, falling back to default profiles: default
2021-01-25 === [main] === INFO  === o.s.c.s.PostProcessorRegistrationDelegate$BeanPostProcessorChecker ==== Bean 'org.springframework.ws.config.annotation.DelegatingWsConfiguration' of type [org.springframework.ws.config.annotation.DelegatingWsConfiguration$$EnhancerBySpringCGLIB$$66f19b39] is not eligible for getting processed by all BeanPostProcessors (for example: not eligible for auto-proxying)
2021-01-25 === [main] === WARN  === o.springframework.xml.DocumentBuilderFactoryUtils ==== http://javax.xml.XMLConstants/property/accessExternalDTD property not supported by org.apache.xerces.jaxp.DocumentBuilderFactoryImpl
2021-01-25 === [main] === WARN  === o.springframework.xml.DocumentBuilderFactoryUtils ==== http://javax.xml.XMLConstants/property/accessExternalSchema property not supported by org.apache.xerces.jaxp.DocumentBuilderFactoryImpl
2021-01-25 === [main] === INFO  === o.s.w.s.a.server.AnnotationActionEndpointMapping ==== Supporting [WS-Addressing August 2004, WS-Addressing 1.0]
2021-01-25 === [main] === INFO  === o.s.boot.web.embedded.tomcat.TomcatWebServer ==== Tomcat initialized with port(s): 8080 (http)
2021-01-25 === [main] === INFO  === org.apache.catalina.core.StandardService ==== Starting service [Tomcat]
2021-01-25 === [main] === INFO  === org.apache.catalina.core.StandardEngine ==== Starting Servlet engine: [Apache Tomcat/9.0.41]
2021-01-25 === [main] === INFO  === o.a.c.core.ContainerBase.[Tomcat].[localhost].[/] ==== Initializing Spring embedded WebApplicationContext
2021-01-25 === [main] === INFO  === o.s.b.w.s.c.ServletWebServerApplicationContext ==== Root WebApplicationContext: initialization completed in 1183 ms
2021-01-25 === [main] === INFO  === o.s.scheduling.concurrent.ThreadPoolTaskExecutor ==== Initializing ExecutorService 'applicationTaskExecutor'
2021-01-25 === [main] === INFO  === o.s.boot.web.embedded.tomcat.TomcatWebServer ==== Tomcat started on port(s): 8080 (http) with context path ''
2021-01-25 === [main] === INFO  === com.hxscpro.HxscproApplication ==== Started HxscproApplication in 2.67 seconds (JVM running for 4.087)
2021-01-25 === [http-nio-8080-exec-1] === INFO  === o.a.c.core.ContainerBase.[Tomcat].[localhost].[/] ==== Initializing Spring DispatcherServlet 'dispatcherServlet'
2021-01-25 === [http-nio-8080-exec-1] === INFO  === org.springframework.web.servlet.DispatcherServlet ==== Initializing Servlet 'dispatcherServlet'
2021-01-25 === [http-nio-8080-exec-1] === INFO  === org.springframework.web.servlet.DispatcherServlet ==== Completed initialization in 2 ms
2021-01-25 === [http-nio-8080-exec-1] === INFO  === org.apache.hive.jdbc.Utils ==== Supplied authorities: 172.30.101.201:10000
2021-01-25 === [http-nio-8080-exec-1] === INFO  === org.apache.hive.jdbc.Utils ==== Resolved authority: 172.30.101.201:10000
2021-01-25 === [http-nio-8080-exec-1] === INFO  === org.apache.hive.jdbc.HiveConnection ==== Will try to open client transport with JDBC Uri: jdbc:hive2://172.30.101.201:10000/dl
2021-01-25 === [main] === INFO  === com.hxscpro.HxscproApplication ==== Starting HxscproApplication using Java 1.8.0_131 on LAPTOP-NSG6CTNE with PID 8884 (D:\CODE\HXSC\hxsc\target\classes started by HX in D:\CODE\HXSC\hxsc)
2021-01-25 === [main] === DEBUG === com.hxscpro.HxscproApplication ==== Running with Spring Boot v2.4.1, Spring v5.3.2
2021-01-25 === [main] === INFO  === com.hxscpro.HxscproApplication ==== No active profile set, falling back to default profiles: default
2021-01-25 === [main] === INFO  === o.s.c.s.PostProcessorRegistrationDelegate$BeanPostProcessorChecker ==== Bean 'org.springframework.ws.config.annotation.DelegatingWsConfiguration' of type [org.springframework.ws.config.annotation.DelegatingWsConfiguration$$EnhancerBySpringCGLIB$$6550609] is not eligible for getting processed by all BeanPostProcessors (for example: not eligible for auto-proxying)
2021-01-25 === [main] === WARN  === o.springframework.xml.DocumentBuilderFactoryUtils ==== http://javax.xml.XMLConstants/property/accessExternalDTD property not supported by org.apache.xerces.jaxp.DocumentBuilderFactoryImpl
2021-01-25 === [main] === WARN  === o.springframework.xml.DocumentBuilderFactoryUtils ==== http://javax.xml.XMLConstants/property/accessExternalSchema property not supported by org.apache.xerces.jaxp.DocumentBuilderFactoryImpl
2021-01-25 === [main] === INFO  === o.s.w.s.a.server.AnnotationActionEndpointMapping ==== Supporting [WS-Addressing August 2004, WS-Addressing 1.0]
2021-01-25 === [main] === INFO  === o.s.boot.web.embedded.tomcat.TomcatWebServer ==== Tomcat initialized with port(s): 8080 (http)
2021-01-25 === [main] === INFO  === org.apache.catalina.core.StandardService ==== Starting service [Tomcat]
2021-01-25 === [main] === INFO  === org.apache.catalina.core.StandardEngine ==== Starting Servlet engine: [Apache Tomcat/9.0.41]
2021-01-25 === [main] === INFO  === o.a.c.core.ContainerBase.[Tomcat].[localhost].[/] ==== Initializing Spring embedded WebApplicationContext
2021-01-25 === [main] === INFO  === o.s.b.w.s.c.ServletWebServerApplicationContext ==== Root WebApplicationContext: initialization completed in 999 ms
2021-01-25 === [main] === INFO  === o.s.scheduling.concurrent.ThreadPoolTaskExecutor ==== Initializing ExecutorService 'applicationTaskExecutor'
2021-01-25 === [main] === INFO  === o.s.boot.web.embedded.tomcat.TomcatWebServer ==== Tomcat started on port(s): 8080 (http) with context path ''
2021-01-25 === [main] === INFO  === com.hxscpro.HxscproApplication ==== Started HxscproApplication in 2.237 seconds (JVM running for 3.27)
2021-01-25 === [http-nio-8080-exec-1] === INFO  === o.a.c.core.ContainerBase.[Tomcat].[localhost].[/] ==== Initializing Spring DispatcherServlet 'dispatcherServlet'
2021-01-25 === [http-nio-8080-exec-1] === INFO  === org.springframework.web.servlet.DispatcherServlet ==== Initializing Servlet 'dispatcherServlet'
2021-01-25 === [http-nio-8080-exec-1] === INFO  === org.springframework.web.servlet.DispatcherServlet ==== Completed initialization in 1 ms
2021-01-25 === [http-nio-8080-exec-1] === INFO  === org.apache.hive.jdbc.Utils ==== Supplied authorities: 172.30.101.201:10000
2021-01-25 === [http-nio-8080-exec-1] === INFO  === org.apache.hive.jdbc.Utils ==== Resolved authority: 172.30.101.201:10000
2021-01-25 === [http-nio-8080-exec-1] === INFO  === org.apache.hive.jdbc.HiveConnection ==== Will try to open client transport with JDBC Uri: jdbc:hive2://172.30.101.201:10000/dl
2021-01-25 === [http-nio-8080-exec-1] === ERROR === o.a.c.c.C.[.[localhost].[/].[dispatcherServlet] ==== Servlet.service() for servlet [dispatcherServlet] in context with path [] threw exception [Request processing failed; nested exception is java.sql.SQLException: Method not supported] with root cause
java.sql.SQLException: Method not supported
	at org.apache.hive.jdbc.HiveBaseResultSet.last(HiveBaseResultSet.java:631)
	at com.hxscpro.service.impl.HiveServiceImpl.showtDb(HiveServiceImpl.java:38)
	at com.hxscpro.controller.HiveController.hello(HiveController.java:29)
	at sun.reflect.NativeMethodAccessorImpl.invoke0(Native Method)
	at sun.reflect.NativeMethodAccessorImpl.invoke(NativeMethodAccessorImpl.java:62)
	at sun.reflect.DelegatingMethodAccessorImpl.invoke(DelegatingMethodAccessorImpl.java:43)
	at java.lang.reflect.Method.invoke(Method.java:498)
	at org.springframework.web.method.support.InvocableHandlerMethod.doInvoke(InvocableHandlerMethod.java:197)
	at org.springframework.web.method.support.InvocableHandlerMethod.invokeForRequest(InvocableHandlerMethod.java:141)
	at org.springframework.web.servlet.mvc.method.annotation.ServletInvocableHandlerMethod.invokeAndHandle(ServletInvocableHandlerMethod.java:106)
	at org.springframework.web.servlet.mvc.method.annotation.RequestMappingHandlerAdapter.invokeHandlerMethod(RequestMappingHandlerAdapter.java:894)
	at org.springframework.web.servlet.mvc.method.annotation.RequestMappingHandlerAdapter.handleInternal(RequestMappingHandlerAdapter.java:808)
	at org.springframework.web.servlet.mvc.method.AbstractHandlerMethodAdapter.handle(AbstractHandlerMethodAdapter.java:87)
	at org.springframework.web.servlet.DispatcherServlet.doDispatch(DispatcherServlet.java:1061)
	at org.springframework.web.servlet.DispatcherServlet.doService(DispatcherServlet.java:961)
	at org.springframework.web.servlet.FrameworkServlet.processRequest(FrameworkServlet.java:1006)
	at org.springframework.web.servlet.FrameworkServlet.doGet(FrameworkServlet.java:898)
	at javax.servlet.http.HttpServlet.service(HttpServlet.java:626)
	at org.springframework.web.servlet.FrameworkServlet.service(FrameworkServlet.java:883)
	at javax.servlet.http.HttpServlet.service(HttpServlet.java:733)
	at org.apache.catalina.core.ApplicationFilterChain.internalDoFilter(ApplicationFilterChain.java:231)
	at org.apache.catalina.core.ApplicationFilterChain.doFilter(ApplicationFilterChain.java:166)
	at org.apache.tomcat.websocket.server.WsFilter.doFilter(WsFilter.java:53)
	at org.apache.catalina.core.ApplicationFilterChain.internalDoFilter(ApplicationFilterChain.java:193)
	at org.apache.catalina.core.ApplicationFilterChain.doFilter(ApplicationFilterChain.java:166)
	at org.springframework.web.filter.RequestContextFilter.doFilterInternal(RequestContextFilter.java:100)
	at org.springframework.web.filter.OncePerRequestFilter.doFilter(OncePerRequestFilter.java:119)
	at org.apache.catalina.core.ApplicationFilterChain.internalDoFilter(ApplicationFilterChain.java:193)
	at org.apache.catalina.core.ApplicationFilterChain.doFilter(ApplicationFilterChain.java:166)
	at org.springframework.web.filter.FormContentFilter.doFilterInternal(FormContentFilter.java:93)
	at org.springframework.web.filter.OncePerRequestFilter.doFilter(OncePerRequestFilter.java:119)
	at org.apache.catalina.core.ApplicationFilterChain.internalDoFilter(ApplicationFilterChain.java:193)
	at org.apache.catalina.core.ApplicationFilterChain.doFilter(ApplicationFilterChain.java:166)
	at org.springframework.web.filter.CharacterEncodingFilter.doFilterInternal(CharacterEncodingFilter.java:201)
	at org.springframework.web.filter.OncePerRequestFilter.doFilter(OncePerRequestFilter.java:119)
	at org.apache.catalina.core.ApplicationFilterChain.internalDoFilter(ApplicationFilterChain.java:193)
	at org.apache.catalina.core.ApplicationFilterChain.doFilter(ApplicationFilterChain.java:166)
	at org.apache.catalina.core.StandardWrapperValve.invoke(StandardWrapperValve.java:202)
	at org.apache.catalina.core.StandardContextValve.invoke(StandardContextValve.java:97)
	at org.apache.catalina.authenticator.AuthenticatorBase.invoke(AuthenticatorBase.java:542)
	at org.apache.catalina.core.StandardHostValve.invoke(StandardHostValve.java:143)
	at org.apache.catalina.valves.ErrorReportValve.invoke(ErrorReportValve.java:92)
	at org.apache.catalina.core.StandardEngineValve.invoke(StandardEngineValve.java:78)
	at org.apache.catalina.connector.CoyoteAdapter.service(CoyoteAdapter.java:343)
	at org.apache.coyote.http11.Http11Processor.service(Http11Processor.java:374)
	at org.apache.coyote.AbstractProcessorLight.process(AbstractProcessorLight.java:65)
	at org.apache.coyote.AbstractProtocol$ConnectionHandler.process(AbstractProtocol.java:888)
	at org.apache.tomcat.util.net.NioEndpoint$SocketProcessor.doRun(NioEndpoint.java:1597)
	at org.apache.tomcat.util.net.SocketProcessorBase.run(SocketProcessorBase.java:49)
	at java.util.concurrent.ThreadPoolExecutor.runWorker(ThreadPoolExecutor.java:1142)
	at java.util.concurrent.ThreadPoolExecutor$Worker.run(ThreadPoolExecutor.java:617)
	at org.apache.tomcat.util.threads.TaskThread$WrappingRunnable.run(TaskThread.java:61)
	at java.lang.Thread.run(Thread.java:748)
2021-01-25 === [main] === INFO  === com.hxscpro.HxscproApplication ==== Starting HxscproApplication using Java 1.8.0_131 on LAPTOP-NSG6CTNE with PID 25044 (D:\CODE\HXSC\hxsc\target\classes started by HX in D:\CODE\HXSC\hxsc)
2021-01-25 === [main] === DEBUG === com.hxscpro.HxscproApplication ==== Running with Spring Boot v2.4.1, Spring v5.3.2
2021-01-25 === [main] === INFO  === com.hxscpro.HxscproApplication ==== No active profile set, falling back to default profiles: default
2021-01-25 === [main] === INFO  === o.s.c.s.PostProcessorRegistrationDelegate$BeanPostProcessorChecker ==== Bean 'org.springframework.ws.config.annotation.DelegatingWsConfiguration' of type [org.springframework.ws.config.annotation.DelegatingWsConfiguration$$EnhancerBySpringCGLIB$$ac716df3] is not eligible for getting processed by all BeanPostProcessors (for example: not eligible for auto-proxying)
2021-01-25 === [main] === WARN  === o.springframework.xml.DocumentBuilderFactoryUtils ==== http://javax.xml.XMLConstants/property/accessExternalDTD property not supported by org.apache.xerces.jaxp.DocumentBuilderFactoryImpl
2021-01-25 === [main] === WARN  === o.springframework.xml.DocumentBuilderFactoryUtils ==== http://javax.xml.XMLConstants/property/accessExternalSchema property not supported by org.apache.xerces.jaxp.DocumentBuilderFactoryImpl
2021-01-25 === [main] === INFO  === o.s.w.s.a.server.AnnotationActionEndpointMapping ==== Supporting [WS-Addressing August 2004, WS-Addressing 1.0]
2021-01-25 === [main] === INFO  === o.s.boot.web.embedded.tomcat.TomcatWebServer ==== Tomcat initialized with port(s): 8080 (http)
2021-01-25 === [main] === INFO  === org.apache.catalina.core.StandardService ==== Starting service [Tomcat]
2021-01-25 === [main] === INFO  === org.apache.catalina.core.StandardEngine ==== Starting Servlet engine: [Apache Tomcat/9.0.41]
2021-01-25 === [main] === INFO  === o.a.c.core.ContainerBase.[Tomcat].[localhost].[/] ==== Initializing Spring embedded WebApplicationContext
2021-01-25 === [main] === INFO  === o.s.b.w.s.c.ServletWebServerApplicationContext ==== Root WebApplicationContext: initialization completed in 1057 ms
2021-01-25 === [main] === INFO  === o.s.scheduling.concurrent.ThreadPoolTaskExecutor ==== Initializing ExecutorService 'applicationTaskExecutor'
2021-01-25 === [main] === INFO  === o.s.boot.web.embedded.tomcat.TomcatWebServer ==== Tomcat started on port(s): 8080 (http) with context path ''
2021-01-25 === [main] === INFO  === com.hxscpro.HxscproApplication ==== Started HxscproApplication in 2.263 seconds (JVM running for 3.155)
2021-01-25 === [http-nio-8080-exec-1] === INFO  === o.a.c.core.ContainerBase.[Tomcat].[localhost].[/] ==== Initializing Spring DispatcherServlet 'dispatcherServlet'
2021-01-25 === [http-nio-8080-exec-1] === INFO  === org.springframework.web.servlet.DispatcherServlet ==== Initializing Servlet 'dispatcherServlet'
2021-01-25 === [http-nio-8080-exec-1] === INFO  === org.springframework.web.servlet.DispatcherServlet ==== Completed initialization in 1 ms
2021-01-25 === [http-nio-8080-exec-1] === INFO  === org.apache.hive.jdbc.Utils ==== Supplied authorities: 172.30.101.201:10000
2021-01-25 === [http-nio-8080-exec-1] === INFO  === org.apache.hive.jdbc.Utils ==== Resolved authority: 172.30.101.201:10000
2021-01-25 === [http-nio-8080-exec-1] === INFO  === org.apache.hive.jdbc.HiveConnection ==== Will try to open client transport with JDBC Uri: jdbc:hive2://172.30.101.201:10000/dl
